
> EthereumExplorer@0.1.0 prestart /home/ubuntu/explorer
> npm install


> EthereumExplorer@0.1.0 postinstall /home/ubuntu/explorer
> bower install

npm WARN optional Skipping failed optional dependency /chokidar/fsevents:
npm WARN notsup Not compatible with your operating system or architecture: fsevents@1.1.3

> EthereumExplorer@0.1.0 start /home/ubuntu/explorer
> http-server ./app -a 0.0.0.0 -p 8000 -c-1

[33mStarting up http-server, serving [39m[36m./app[39m[33m on port: [39m[36m8000[39m
Hit CTRL-C to stop the server
[Wed, 03 Jan 2018 00:08:50 GMT] "[36mGET[39m [36m/[39m" "Mozilla/5.0 (Macintosh; Intel Mac OS X 10_13_2) AppleWebKit/537.36 (KHTML, like Gecko) Chrome/63.0.3239.84 Safari/537.36"
[Wed, 03 Jan 2018 00:08:51 GMT] "[36mGET[39m [36m/styles/main.css[39m" "Mozilla/5.0 (Macintosh; Intel Mac OS X 10_13_2) AppleWebKit/537.36 (KHTML, like Gecko) Chrome/63.0.3239.84 Safari/537.36"
[Wed, 03 Jan 2018 00:08:51 GMT] "[36mGET[39m [36m/bower_components/web3/dist/web3.min.js[39m" "Mozilla/5.0 (Macintosh; Intel Mac OS X 10_13_2) AppleWebKit/537.36 (KHTML, like Gecko) Chrome/63.0.3239.84 Safari/537.36"
[Wed, 03 Jan 2018 00:08:51 GMT] "[36mGET[39m [36m/bower_components/angular-bootstrap/ui-bootstrap.min.js[39m" "Mozilla/5.0 (Macintosh; Intel Mac OS X 10_13_2) AppleWebKit/537.36 (KHTML, like Gecko) Chrome/63.0.3239.84 Safari/537.36"
[Wed, 03 Jan 2018 00:08:51 GMT] "[36mGET[39m [36m/bower_components/angular-route/angular-route.js[39m" "Mozilla/5.0 (Macintosh; Intel Mac OS X 10_13_2) AppleWebKit/537.36 (KHTML, like Gecko) Chrome/63.0.3239.84 Safari/537.36"
[Wed, 03 Jan 2018 00:08:51 GMT] "[36mGET[39m [36m/app.js[39m" "Mozilla/5.0 (Macintosh; Intel Mac OS X 10_13_2) AppleWebKit/537.36 (KHTML, like Gecko) Chrome/63.0.3239.84 Safari/537.36"
[Wed, 03 Jan 2018 00:08:51 GMT] "[36mGET[39m [36m/scripts/controllers/mainController.js[39m" "Mozilla/5.0 (Macintosh; Intel Mac OS X 10_13_2) AppleWebKit/537.36 (KHTML, like Gecko) Chrome/63.0.3239.84 Safari/537.36"
[Wed, 03 Jan 2018 00:08:51 GMT] "[36mGET[39m [36m/scripts/controllers/addressInfoController.js[39m" "Mozilla/5.0 (Macintosh; Intel Mac OS X 10_13_2) AppleWebKit/537.36 (KHTML, like Gecko) Chrome/63.0.3239.84 Safari/537.36"
[Wed, 03 Jan 2018 00:08:51 GMT] "[36mGET[39m [36m/scripts/controllers/blockInfosController.js[39m" "Mozilla/5.0 (Macintosh; Intel Mac OS X 10_13_2) AppleWebKit/537.36 (KHTML, like Gecko) Chrome/63.0.3239.84 Safari/537.36"
[Wed, 03 Jan 2018 00:08:51 GMT] "[36mGET[39m [36m/scripts/controllers/transactionInfosController.js[39m" "Mozilla/5.0 (Macintosh; Intel Mac OS X 10_13_2) AppleWebKit/537.36 (KHTML, like Gecko) Chrome/63.0.3239.84 Safari/537.36"
[Wed, 03 Jan 2018 00:08:55 GMT] "[36mGET[39m [36m/views/main.html[39m" "Mozilla/5.0 (Macintosh; Intel Mac OS X 10_13_2) AppleWebKit/537.36 (KHTML, like Gecko) Chrome/63.0.3239.84 Safari/537.36"
[Wed, 03 Jan 2018 00:09:06 GMT] "[36mGET[39m [36m/views/blockInfos.html[39m" "Mozilla/5.0 (Macintosh; Intel Mac OS X 10_13_2) AppleWebKit/537.36 (KHTML, like Gecko) Chrome/63.0.3239.84 Safari/537.36"
[Wed, 03 Jan 2018 00:09:35 GMT] "[36mGET[39m [36m/views/transactionInfos.html[39m" "Mozilla/5.0 (Macintosh; Intel Mac OS X 10_13_2) AppleWebKit/537.36 (KHTML, like Gecko) Chrome/63.0.3239.84 Safari/537.36"

> EthereumExplorer@0.1.0 prestart /home/ubuntu/explorer
> npm install


> EthereumExplorer@0.1.0 postinstall /home/ubuntu/explorer
> bower install

npm WARN optional Skipping failed optional dependency /chokidar/fsevents:
npm WARN notsup Not compatible with your operating system or architecture: fsevents@1.1.3

> EthereumExplorer@0.1.0 start /home/ubuntu/explorer
> http-server ./app -a 0.0.0.0 -p 8000 -c-1

events.js:141
      throw er; // Unhandled 'error' event
      ^

Error: listen EADDRINUSE 0.0.0.0:8000
    at Object.exports._errnoException (util.js:870:11)
    at exports._exceptionWithHostPort (util.js:893:20)
    at Server._listen2 (net.js:1237:14)
    at listen (net.js:1273:10)
    at net.js:1382:9
    at nextTickCallbackWith3Args (node.js:452:9)
    at process._tickCallback (node.js:358:17)
    at Function.Module.runMain (module.js:444:11)
    at startup (node.js:136:18)
    at node.js:966:3

npm ERR! Linux 4.4.0-1041-aws
npm ERR! argv "/usr/bin/nodejs" "/usr/bin/npm" "start"
npm ERR! node v4.2.6
npm ERR! npm  v3.5.2
npm ERR! code ELIFECYCLE
npm ERR! EthereumExplorer@0.1.0 start: `http-server ./app -a 0.0.0.0 -p 8000 -c-1`
npm ERR! Exit status 1
npm ERR! 
npm ERR! Failed at the EthereumExplorer@0.1.0 start script 'http-server ./app -a 0.0.0.0 -p 8000 -c-1'.
npm ERR! Make sure you have the latest version of node.js and npm installed.
npm ERR! If you do, this is most likely a problem with the EthereumExplorer package,
npm ERR! not with npm itself.
npm ERR! Tell the author that this fails on your system:
npm ERR!     http-server ./app -a 0.0.0.0 -p 8000 -c-1
npm ERR! You can get information on how to open an issue for this project with:
npm ERR!     npm bugs EthereumExplorer
npm ERR! Or if that isn't available, you can get their info via:
npm ERR!     npm owner ls EthereumExplorer
npm ERR! There is likely additional logging output above.

npm ERR! Please include the following file with any support request:
npm ERR!     /home/ubuntu/explorer/npm-debug.log

> EthereumExplorer@0.1.0 prestart /home/ubuntu/explorer
> npm install


> EthereumExplorer@0.1.0 postinstall /home/ubuntu/explorer
> bower install

npm WARN optional Skipping failed optional dependency /chokidar/fsevents:
npm WARN notsup Not compatible with your operating system or architecture: fsevents@1.1.3

> EthereumExplorer@0.1.0 start /home/ubuntu/explorer
> http-server ./app -a 0.0.0.0 -p 8000 -c-1

[33mStarting up http-server, serving [39m[36m./app[39m[33m on port: [39m[36m8000[39m
Hit CTRL-C to stop the server
[Wed, 03 Jan 2018 08:02:52 GMT] "[36mGET[39m [36m/[39m" "Mozilla/5.0 (Macintosh; Intel Mac OS X 10_13_2) AppleWebKit/537.36 (KHTML, like Gecko) Chrome/63.0.3239.84 Safari/537.36"
[Wed, 03 Jan 2018 08:02:52 GMT] "[36mGET[39m [36m/styles/main.css[39m" "Mozilla/5.0 (Macintosh; Intel Mac OS X 10_13_2) AppleWebKit/537.36 (KHTML, like Gecko) Chrome/63.0.3239.84 Safari/537.36"
[Wed, 03 Jan 2018 08:02:52 GMT] "[36mGET[39m [36m/bower_components/web3/dist/web3.min.js[39m" "Mozilla/5.0 (Macintosh; Intel Mac OS X 10_13_2) AppleWebKit/537.36 (KHTML, like Gecko) Chrome/63.0.3239.84 Safari/537.36"
[Wed, 03 Jan 2018 08:02:52 GMT] "[36mGET[39m [36m/bower_components/angular-bootstrap/ui-bootstrap.min.js[39m" "Mozilla/5.0 (Macintosh; Intel Mac OS X 10_13_2) AppleWebKit/537.36 (KHTML, like Gecko) Chrome/63.0.3239.84 Safari/537.36"
[Wed, 03 Jan 2018 08:02:52 GMT] "[36mGET[39m [36m/bower_components/angular-route/angular-route.js[39m" "Mozilla/5.0 (Macintosh; Intel Mac OS X 10_13_2) AppleWebKit/537.36 (KHTML, like Gecko) Chrome/63.0.3239.84 Safari/537.36"
[Wed, 03 Jan 2018 08:02:52 GMT] "[36mGET[39m [36m/app.js[39m" "Mozilla/5.0 (Macintosh; Intel Mac OS X 10_13_2) AppleWebKit/537.36 (KHTML, like Gecko) Chrome/63.0.3239.84 Safari/537.36"
[Wed, 03 Jan 2018 08:02:52 GMT] "[36mGET[39m [36m/scripts/controllers/mainController.js[39m" "Mozilla/5.0 (Macintosh; Intel Mac OS X 10_13_2) AppleWebKit/537.36 (KHTML, like Gecko) Chrome/63.0.3239.84 Safari/537.36"
[Wed, 03 Jan 2018 08:02:52 GMT] "[36mGET[39m [36m/scripts/controllers/addressInfoController.js[39m" "Mozilla/5.0 (Macintosh; Intel Mac OS X 10_13_2) AppleWebKit/537.36 (KHTML, like Gecko) Chrome/63.0.3239.84 Safari/537.36"
[Wed, 03 Jan 2018 08:02:52 GMT] "[36mGET[39m [36m/scripts/controllers/blockInfosController.js[39m" "Mozilla/5.0 (Macintosh; Intel Mac OS X 10_13_2) AppleWebKit/537.36 (KHTML, like Gecko) Chrome/63.0.3239.84 Safari/537.36"
[Wed, 03 Jan 2018 08:02:52 GMT] "[36mGET[39m [36m/scripts/controllers/transactionInfosController.js[39m" "Mozilla/5.0 (Macintosh; Intel Mac OS X 10_13_2) AppleWebKit/537.36 (KHTML, like Gecko) Chrome/63.0.3239.84 Safari/537.36"
[Wed, 03 Jan 2018 08:02:54 GMT] "[36mGET[39m [36m/views/main.html[39m" "Mozilla/5.0 (Macintosh; Intel Mac OS X 10_13_2) AppleWebKit/537.36 (KHTML, like Gecko) Chrome/63.0.3239.84 Safari/537.36"
[Wed, 03 Jan 2018 08:03:05 GMT] "[36mGET[39m [36m/[39m" "Mozilla/5.0 (Macintosh; Intel Mac OS X 10_13_2) AppleWebKit/537.36 (KHTML, like Gecko) Chrome/63.0.3239.84 Safari/537.36"
[Wed, 03 Jan 2018 08:03:05 GMT] "[36mGET[39m [36m/styles/main.css[39m" "Mozilla/5.0 (Macintosh; Intel Mac OS X 10_13_2) AppleWebKit/537.36 (KHTML, like Gecko) Chrome/63.0.3239.84 Safari/537.36"
[Wed, 03 Jan 2018 08:03:05 GMT] "[36mGET[39m [36m/bower_components/angular-bootstrap/ui-bootstrap.min.js[39m" "Mozilla/5.0 (Macintosh; Intel Mac OS X 10_13_2) AppleWebKit/537.36 (KHTML, like Gecko) Chrome/63.0.3239.84 Safari/537.36"
[Wed, 03 Jan 2018 08:03:05 GMT] "[36mGET[39m [36m/app.js[39m" "Mozilla/5.0 (Macintosh; Intel Mac OS X 10_13_2) AppleWebKit/537.36 (KHTML, like Gecko) Chrome/63.0.3239.84 Safari/537.36"
[Wed, 03 Jan 2018 08:03:05 GMT] "[36mGET[39m [36m/bower_components/angular-route/angular-route.js[39m" "Mozilla/5.0 (Macintosh; Intel Mac OS X 10_13_2) AppleWebKit/537.36 (KHTML, like Gecko) Chrome/63.0.3239.84 Safari/537.36"
[Wed, 03 Jan 2018 08:03:05 GMT] "[36mGET[39m [36m/bower_components/web3/dist/web3.min.js[39m" "Mozilla/5.0 (Macintosh; Intel Mac OS X 10_13_2) AppleWebKit/537.36 (KHTML, like Gecko) Chrome/63.0.3239.84 Safari/537.36"
[Wed, 03 Jan 2018 08:03:05 GMT] "[36mGET[39m [36m/scripts/controllers/mainController.js[39m" "Mozilla/5.0 (Macintosh; Intel Mac OS X 10_13_2) AppleWebKit/537.36 (KHTML, like Gecko) Chrome/63.0.3239.84 Safari/537.36"
[Wed, 03 Jan 2018 08:03:05 GMT] "[36mGET[39m [36m/scripts/controllers/addressInfoController.js[39m" "Mozilla/5.0 (Macintosh; Intel Mac OS X 10_13_2) AppleWebKit/537.36 (KHTML, like Gecko) Chrome/63.0.3239.84 Safari/537.36"
[Wed, 03 Jan 2018 08:03:05 GMT] "[36mGET[39m [36m/scripts/controllers/blockInfosController.js[39m" "Mozilla/5.0 (Macintosh; Intel Mac OS X 10_13_2) AppleWebKit/537.36 (KHTML, like Gecko) Chrome/63.0.3239.84 Safari/537.36"
[Wed, 03 Jan 2018 08:03:05 GMT] "[36mGET[39m [36m/scripts/controllers/transactionInfosController.js[39m" "Mozilla/5.0 (Macintosh; Intel Mac OS X 10_13_2) AppleWebKit/537.36 (KHTML, like Gecko) Chrome/63.0.3239.84 Safari/537.36"
[Wed, 03 Jan 2018 08:03:07 GMT] "[36mGET[39m [36m/views/main.html[39m" "Mozilla/5.0 (Macintosh; Intel Mac OS X 10_13_2) AppleWebKit/537.36 (KHTML, like Gecko) Chrome/63.0.3239.84 Safari/537.36"
[Wed, 03 Jan 2018 08:04:06 GMT] "[36mGET[39m [36m/views/blockInfos.html[39m" "Mozilla/5.0 (Macintosh; Intel Mac OS X 10_13_2) AppleWebKit/537.36 (KHTML, like Gecko) Chrome/63.0.3239.84 Safari/537.36"

> EthereumExplorer@0.1.0 prestart /home/ubuntu/explorer
> npm install


> EthereumExplorer@0.1.0 postinstall /home/ubuntu/explorer
> bower install

npm WARN optional Skipping failed optional dependency /chokidar/fsevents:
npm WARN notsup Not compatible with your operating system or architecture: fsevents@1.1.3

> EthereumExplorer@0.1.0 start /home/ubuntu/explorer
> http-server ./app -a 0.0.0.0 -p 8000 -c-1

[33mStarting up http-server, serving [39m[36m./app[39m[33m on port: [39m[36m8000[39m
Hit CTRL-C to stop the server
[Thu, 18 Jan 2018 19:03:49 GMT] "[36mGET[39m [36m/[39m" "Mozilla/5.0 (Macintosh; Intel Mac OS X 10_13_2) AppleWebKit/537.36 (KHTML, like Gecko) Chrome/63.0.3239.84 Safari/537.36"
[Thu, 18 Jan 2018 19:03:49 GMT] "[36mGET[39m [36m/styles/main.css[39m" "Mozilla/5.0 (Macintosh; Intel Mac OS X 10_13_2) AppleWebKit/537.36 (KHTML, like Gecko) Chrome/63.0.3239.84 Safari/537.36"
[Thu, 18 Jan 2018 19:03:49 GMT] "[36mGET[39m [36m/scripts/controllers/mainController.js[39m" "Mozilla/5.0 (Macintosh; Intel Mac OS X 10_13_2) AppleWebKit/537.36 (KHTML, like Gecko) Chrome/63.0.3239.84 Safari/537.36"
[Thu, 18 Jan 2018 19:03:49 GMT] "[36mGET[39m [36m/bower_components/web3/dist/web3.min.js[39m" "Mozilla/5.0 (Macintosh; Intel Mac OS X 10_13_2) AppleWebKit/537.36 (KHTML, like Gecko) Chrome/63.0.3239.84 Safari/537.36"
[Thu, 18 Jan 2018 19:03:49 GMT] "[36mGET[39m [36m/bower_components/angular-route/angular-route.js[39m" "Mozilla/5.0 (Macintosh; Intel Mac OS X 10_13_2) AppleWebKit/537.36 (KHTML, like Gecko) Chrome/63.0.3239.84 Safari/537.36"
[Thu, 18 Jan 2018 19:03:49 GMT] "[36mGET[39m [36m/bower_components/angular-bootstrap/ui-bootstrap.min.js[39m" "Mozilla/5.0 (Macintosh; Intel Mac OS X 10_13_2) AppleWebKit/537.36 (KHTML, like Gecko) Chrome/63.0.3239.84 Safari/537.36"
[Thu, 18 Jan 2018 19:03:49 GMT] "[36mGET[39m [36m/app.js[39m" "Mozilla/5.0 (Macintosh; Intel Mac OS X 10_13_2) AppleWebKit/537.36 (KHTML, like Gecko) Chrome/63.0.3239.84 Safari/537.36"
[Thu, 18 Jan 2018 19:03:49 GMT] "[36mGET[39m [36m/scripts/controllers/addressInfoController.js[39m" "Mozilla/5.0 (Macintosh; Intel Mac OS X 10_13_2) AppleWebKit/537.36 (KHTML, like Gecko) Chrome/63.0.3239.84 Safari/537.36"
[Thu, 18 Jan 2018 19:03:49 GMT] "[36mGET[39m [36m/scripts/controllers/blockInfosController.js[39m" "Mozilla/5.0 (Macintosh; Intel Mac OS X 10_13_2) AppleWebKit/537.36 (KHTML, like Gecko) Chrome/63.0.3239.84 Safari/537.36"
[Thu, 18 Jan 2018 19:03:49 GMT] "[36mGET[39m [36m/scripts/controllers/transactionInfosController.js[39m" "Mozilla/5.0 (Macintosh; Intel Mac OS X 10_13_2) AppleWebKit/537.36 (KHTML, like Gecko) Chrome/63.0.3239.84 Safari/537.36"
[Thu, 18 Jan 2018 19:03:52 GMT] "[36mGET[39m [36m/views/transactionInfos.html[39m" "Mozilla/5.0 (Macintosh; Intel Mac OS X 10_13_2) AppleWebKit/537.36 (KHTML, like Gecko) Chrome/63.0.3239.84 Safari/537.36"
[Thu, 18 Jan 2018 19:04:01 GMT] "[36mGET[39m [36m/views/main.html[39m" "Mozilla/5.0 (Macintosh; Intel Mac OS X 10_13_2) AppleWebKit/537.36 (KHTML, like Gecko) Chrome/63.0.3239.84 Safari/537.36"
Terminated

> EthereumExplorer@0.1.0 prestart /home/ubuntu/explorer
> npm install


> EthereumExplorer@0.1.0 postinstall /home/ubuntu/explorer
> bower install

npm WARN optional Skipping failed optional dependency /chokidar/fsevents:
npm WARN notsup Not compatible with your operating system or architecture: fsevents@1.1.3

> EthereumExplorer@0.1.0 start /home/ubuntu/explorer
> http-server ./app -a 0.0.0.0 -p 8000 -c-1

[33mStarting up http-server, serving [39m[36m./app[39m[33m on port: [39m[36m8000[39m
Hit CTRL-C to stop the server
[Thu, 18 Jan 2018 19:17:51 GMT] "[36mGET[39m [36m/[39m" "Mozilla/5.0 (Macintosh; Intel Mac OS X 10_13_2) AppleWebKit/537.36 (KHTML, like Gecko) Chrome/63.0.3239.84 Safari/537.36"
[Thu, 18 Jan 2018 19:17:51 GMT] "[36mGET[39m [36m/styles/main.css[39m" "Mozilla/5.0 (Macintosh; Intel Mac OS X 10_13_2) AppleWebKit/537.36 (KHTML, like Gecko) Chrome/63.0.3239.84 Safari/537.36"
[Thu, 18 Jan 2018 19:17:51 GMT] "[36mGET[39m [36m/bower_components/web3/dist/web3.min.js[39m" "Mozilla/5.0 (Macintosh; Intel Mac OS X 10_13_2) AppleWebKit/537.36 (KHTML, like Gecko) Chrome/63.0.3239.84 Safari/537.36"
[Thu, 18 Jan 2018 19:17:51 GMT] "[36mGET[39m [36m/bower_components/angular-bootstrap/ui-bootstrap.min.js[39m" "Mozilla/5.0 (Macintosh; Intel Mac OS X 10_13_2) AppleWebKit/537.36 (KHTML, like Gecko) Chrome/63.0.3239.84 Safari/537.36"
[Thu, 18 Jan 2018 19:17:51 GMT] "[36mGET[39m [36m/bower_components/angular-route/angular-route.js[39m" "Mozilla/5.0 (Macintosh; Intel Mac OS X 10_13_2) AppleWebKit/537.36 (KHTML, like Gecko) Chrome/63.0.3239.84 Safari/537.36"
[Thu, 18 Jan 2018 19:17:51 GMT] "[36mGET[39m [36m/app.js[39m" "Mozilla/5.0 (Macintosh; Intel Mac OS X 10_13_2) AppleWebKit/537.36 (KHTML, like Gecko) Chrome/63.0.3239.84 Safari/537.36"
[Thu, 18 Jan 2018 19:17:51 GMT] "[36mGET[39m [36m/scripts/controllers/addressInfoController.js[39m" "Mozilla/5.0 (Macintosh; Intel Mac OS X 10_13_2) AppleWebKit/537.36 (KHTML, like Gecko) Chrome/63.0.3239.84 Safari/537.36"
[Thu, 18 Jan 2018 19:17:51 GMT] "[36mGET[39m [36m/scripts/controllers/blockInfosController.js[39m" "Mozilla/5.0 (Macintosh; Intel Mac OS X 10_13_2) AppleWebKit/537.36 (KHTML, like Gecko) Chrome/63.0.3239.84 Safari/537.36"
[Thu, 18 Jan 2018 19:17:51 GMT] "[36mGET[39m [36m/scripts/controllers/transactionInfosController.js[39m" "Mozilla/5.0 (Macintosh; Intel Mac OS X 10_13_2) AppleWebKit/537.36 (KHTML, like Gecko) Chrome/63.0.3239.84 Safari/537.36"
[Thu, 18 Jan 2018 19:17:51 GMT] "[36mGET[39m [36m/scripts/controllers/mainController.js[39m" "Mozilla/5.0 (Macintosh; Intel Mac OS X 10_13_2) AppleWebKit/537.36 (KHTML, like Gecko) Chrome/63.0.3239.84 Safari/537.36"
[Thu, 18 Jan 2018 19:17:54 GMT] "[36mGET[39m [36m/views/main.html[39m" "Mozilla/5.0 (Macintosh; Intel Mac OS X 10_13_2) AppleWebKit/537.36 (KHTML, like Gecko) Chrome/63.0.3239.84 Safari/537.36"
[Thu, 18 Jan 2018 19:18:18 GMT] "[36mGET[39m [36m/views/transactionInfos.html[39m" "Mozilla/5.0 (Macintosh; Intel Mac OS X 10_13_2) AppleWebKit/537.36 (KHTML, like Gecko) Chrome/63.0.3239.84 Safari/537.36"
[Thu, 18 Jan 2018 21:06:50 GMT] "[36mGET[39m [36m/[39m" "Mozilla/5.0 (Macintosh; Intel Mac OS X 10_13_2) AppleWebKit/537.36 (KHTML, like Gecko) Chrome/63.0.3239.84 Safari/537.36"
[Thu, 18 Jan 2018 21:06:50 GMT] "[36mGET[39m [36m/styles/main.css[39m" "Mozilla/5.0 (Macintosh; Intel Mac OS X 10_13_2) AppleWebKit/537.36 (KHTML, like Gecko) Chrome/63.0.3239.84 Safari/537.36"
[Thu, 18 Jan 2018 21:06:50 GMT] "[36mGET[39m [36m/bower_components/angular-route/angular-route.js[39m" "Mozilla/5.0 (Macintosh; Intel Mac OS X 10_13_2) AppleWebKit/537.36 (KHTML, like Gecko) Chrome/63.0.3239.84 Safari/537.36"
[Thu, 18 Jan 2018 21:06:50 GMT] "[36mGET[39m [36m/bower_components/web3/dist/web3.min.js[39m" "Mozilla/5.0 (Macintosh; Intel Mac OS X 10_13_2) AppleWebKit/537.36 (KHTML, like Gecko) Chrome/63.0.3239.84 Safari/537.36"
[Thu, 18 Jan 2018 21:06:50 GMT] "[36mGET[39m [36m/bower_components/angular-bootstrap/ui-bootstrap.min.js[39m" "Mozilla/5.0 (Macintosh; Intel Mac OS X 10_13_2) AppleWebKit/537.36 (KHTML, like Gecko) Chrome/63.0.3239.84 Safari/537.36"
[Thu, 18 Jan 2018 21:06:50 GMT] "[36mGET[39m [36m/scripts/controllers/addressInfoController.js[39m" "Mozilla/5.0 (Macintosh; Intel Mac OS X 10_13_2) AppleWebKit/537.36 (KHTML, like Gecko) Chrome/63.0.3239.84 Safari/537.36"
[Thu, 18 Jan 2018 21:06:50 GMT] "[36mGET[39m [36m/scripts/controllers/blockInfosController.js[39m" "Mozilla/5.0 (Macintosh; Intel Mac OS X 10_13_2) AppleWebKit/537.36 (KHTML, like Gecko) Chrome/63.0.3239.84 Safari/537.36"
[Thu, 18 Jan 2018 21:06:50 GMT] "[36mGET[39m [36m/scripts/controllers/transactionInfosController.js[39m" "Mozilla/5.0 (Macintosh; Intel Mac OS X 10_13_2) AppleWebKit/537.36 (KHTML, like Gecko) Chrome/63.0.3239.84 Safari/537.36"
[Thu, 18 Jan 2018 21:06:50 GMT] "[36mGET[39m [36m/app.js[39m" "Mozilla/5.0 (Macintosh; Intel Mac OS X 10_13_2) AppleWebKit/537.36 (KHTML, like Gecko) Chrome/63.0.3239.84 Safari/537.36"
[Thu, 18 Jan 2018 21:06:50 GMT] "[36mGET[39m [36m/scripts/controllers/mainController.js[39m" "Mozilla/5.0 (Macintosh; Intel Mac OS X 10_13_2) AppleWebKit/537.36 (KHTML, like Gecko) Chrome/63.0.3239.84 Safari/537.36"
[Thu, 18 Jan 2018 21:06:54 GMT] "[36mGET[39m [36m/views/blockInfos.html[39m" "Mozilla/5.0 (Macintosh; Intel Mac OS X 10_13_2) AppleWebKit/537.36 (KHTML, like Gecko) Chrome/63.0.3239.84 Safari/537.36"
[Thu, 18 Jan 2018 21:08:15 GMT] "[36mGET[39m [36m/styles/main.css[39m" "Mozilla/5.0 (Macintosh; Intel Mac OS X 10_13_2) AppleWebKit/537.36 (KHTML, like Gecko) Chrome/63.0.3239.84 Safari/537.36"
[Thu, 18 Jan 2018 21:10:07 GMT] "[36mGET[39m [36m/bower_components/angular-bootstrap/ui-bootstrap.min.js[39m" "Mozilla/5.0 (Macintosh; Intel Mac OS X 10_13_2) AppleWebKit/537.36 (KHTML, like Gecko) Chrome/63.0.3239.84 Safari/537.36"
[Thu, 18 Jan 2018 21:10:07 GMT] "[36mGET[39m [36m/bower_components/angular-route/angular-route.js[39m" "Mozilla/5.0 (Macintosh; Intel Mac OS X 10_13_2) AppleWebKit/537.36 (KHTML, like Gecko) Chrome/63.0.3239.84 Safari/537.36"
[Thu, 18 Jan 2018 21:10:07 GMT] "[36mGET[39m [36m/bower_components/web3/dist/web3.min.js[39m" "Mozilla/5.0 (Macintosh; Intel Mac OS X 10_13_2) AppleWebKit/537.36 (KHTML, like Gecko) Chrome/63.0.3239.84 Safari/537.36"
[Thu, 18 Jan 2018 21:10:07 GMT] "[36mGET[39m [36m/app.js[39m" "Mozilla/5.0 (Macintosh; Intel Mac OS X 10_13_2) AppleWebKit/537.36 (KHTML, like Gecko) Chrome/63.0.3239.84 Safari/537.36"
[Thu, 18 Jan 2018 21:10:07 GMT] "[36mGET[39m [36m/styles/main.css[39m" "Mozilla/5.0 (Macintosh; Intel Mac OS X 10_13_2) AppleWebKit/537.36 (KHTML, like Gecko) Chrome/63.0.3239.84 Safari/537.36"
[Thu, 18 Jan 2018 21:10:07 GMT] "[36mGET[39m [36m/scripts/controllers/mainController.js[39m" "Mozilla/5.0 (Macintosh; Intel Mac OS X 10_13_2) AppleWebKit/537.36 (KHTML, like Gecko) Chrome/63.0.3239.84 Safari/537.36"
[Thu, 18 Jan 2018 21:10:07 GMT] "[36mGET[39m [36m/scripts/controllers/addressInfoController.js[39m" "Mozilla/5.0 (Macintosh; Intel Mac OS X 10_13_2) AppleWebKit/537.36 (KHTML, like Gecko) Chrome/63.0.3239.84 Safari/537.36"
[Thu, 18 Jan 2018 21:10:07 GMT] "[36mGET[39m [36m/scripts/controllers/blockInfosController.js[39m" "Mozilla/5.0 (Macintosh; Intel Mac OS X 10_13_2) AppleWebKit/537.36 (KHTML, like Gecko) Chrome/63.0.3239.84 Safari/537.36"
[Thu, 18 Jan 2018 21:10:07 GMT] "[36mGET[39m [36m/scripts/controllers/transactionInfosController.js[39m" "Mozilla/5.0 (Macintosh; Intel Mac OS X 10_13_2) AppleWebKit/537.36 (KHTML, like Gecko) Chrome/63.0.3239.84 Safari/537.36"
[Thu, 18 Jan 2018 21:10:13 GMT] "[36mGET[39m [36m/views/blockInfos.html[39m" "Mozilla/5.0 (Macintosh; Intel Mac OS X 10_13_2) AppleWebKit/537.36 (KHTML, like Gecko) Chrome/63.0.3239.84 Safari/537.36"
[Thu, 18 Jan 2018 21:10:20 GMT] "[36mGET[39m [36m/styles/main.css[39m" "Mozilla/5.0 (Macintosh; Intel Mac OS X 10_13_2) AppleWebKit/537.36 (KHTML, like Gecko) Chrome/63.0.3239.84 Safari/537.36"
[Thu, 18 Jan 2018 21:10:20 GMT] "[36mGET[39m [36m/bower_components/web3/dist/web3.min.js[39m" "Mozilla/5.0 (Macintosh; Intel Mac OS X 10_13_2) AppleWebKit/537.36 (KHTML, like Gecko) Chrome/63.0.3239.84 Safari/537.36"
[Thu, 18 Jan 2018 21:10:20 GMT] "[36mGET[39m [36m/bower_components/angular-route/angular-route.js[39m" "Mozilla/5.0 (Macintosh; Intel Mac OS X 10_13_2) AppleWebKit/537.36 (KHTML, like Gecko) Chrome/63.0.3239.84 Safari/537.36"
[Thu, 18 Jan 2018 21:10:20 GMT] "[36mGET[39m [36m/bower_components/angular-bootstrap/ui-bootstrap.min.js[39m" "Mozilla/5.0 (Macintosh; Intel Mac OS X 10_13_2) AppleWebKit/537.36 (KHTML, like Gecko) Chrome/63.0.3239.84 Safari/537.36"
[Thu, 18 Jan 2018 21:10:20 GMT] "[36mGET[39m [36m/app.js[39m" "Mozilla/5.0 (Macintosh; Intel Mac OS X 10_13_2) AppleWebKit/537.36 (KHTML, like Gecko) Chrome/63.0.3239.84 Safari/537.36"
[Thu, 18 Jan 2018 21:10:20 GMT] "[36mGET[39m [36m/scripts/controllers/mainController.js[39m" "Mozilla/5.0 (Macintosh; Intel Mac OS X 10_13_2) AppleWebKit/537.36 (KHTML, like Gecko) Chrome/63.0.3239.84 Safari/537.36"
[Thu, 18 Jan 2018 21:10:20 GMT] "[36mGET[39m [36m/scripts/controllers/addressInfoController.js[39m" "Mozilla/5.0 (Macintosh; Intel Mac OS X 10_13_2) AppleWebKit/537.36 (KHTML, like Gecko) Chrome/63.0.3239.84 Safari/537.36"
[Thu, 18 Jan 2018 21:10:20 GMT] "[36mGET[39m [36m/scripts/controllers/blockInfosController.js[39m" "Mozilla/5.0 (Macintosh; Intel Mac OS X 10_13_2) AppleWebKit/537.36 (KHTML, like Gecko) Chrome/63.0.3239.84 Safari/537.36"
[Thu, 18 Jan 2018 21:10:20 GMT] "[36mGET[39m [36m/scripts/controllers/transactionInfosController.js[39m" "Mozilla/5.0 (Macintosh; Intel Mac OS X 10_13_2) AppleWebKit/537.36 (KHTML, like Gecko) Chrome/63.0.3239.84 Safari/537.36"
[Thu, 18 Jan 2018 21:10:26 GMT] "[36mGET[39m [36m/views/blockInfos.html[39m" "Mozilla/5.0 (Macintosh; Intel Mac OS X 10_13_2) AppleWebKit/537.36 (KHTML, like Gecko) Chrome/63.0.3239.84 Safari/537.36"
[Fri, 19 Jan 2018 00:22:02 GMT] "[36mGET[39m [36m/[39m" "Mozilla/5.0 (Macintosh; Intel Mac OS X 10_13_2) AppleWebKit/537.36 (KHTML, like Gecko) Chrome/63.0.3239.84 Safari/537.36"
[Fri, 19 Jan 2018 00:22:02 GMT] "[36mGET[39m [36m/styles/main.css[39m" "Mozilla/5.0 (Macintosh; Intel Mac OS X 10_13_2) AppleWebKit/537.36 (KHTML, like Gecko) Chrome/63.0.3239.84 Safari/537.36"
[Fri, 19 Jan 2018 00:22:02 GMT] "[36mGET[39m [36m/bower_components/web3/dist/web3.min.js[39m" "Mozilla/5.0 (Macintosh; Intel Mac OS X 10_13_2) AppleWebKit/537.36 (KHTML, like Gecko) Chrome/63.0.3239.84 Safari/537.36"
[Fri, 19 Jan 2018 00:22:02 GMT] "[36mGET[39m [36m/bower_components/angular-bootstrap/ui-bootstrap.min.js[39m" "Mozilla/5.0 (Macintosh; Intel Mac OS X 10_13_2) AppleWebKit/537.36 (KHTML, like Gecko) Chrome/63.0.3239.84 Safari/537.36"
[Fri, 19 Jan 2018 00:22:02 GMT] "[36mGET[39m [36m/scripts/controllers/mainController.js[39m" "Mozilla/5.0 (Macintosh; Intel Mac OS X 10_13_2) AppleWebKit/537.36 (KHTML, like Gecko) Chrome/63.0.3239.84 Safari/537.36"
[Fri, 19 Jan 2018 00:22:02 GMT] "[36mGET[39m [36m/app.js[39m" "Mozilla/5.0 (Macintosh; Intel Mac OS X 10_13_2) AppleWebKit/537.36 (KHTML, like Gecko) Chrome/63.0.3239.84 Safari/537.36"
[Fri, 19 Jan 2018 00:22:02 GMT] "[36mGET[39m [36m/bower_components/angular-route/angular-route.js[39m" "Mozilla/5.0 (Macintosh; Intel Mac OS X 10_13_2) AppleWebKit/537.36 (KHTML, like Gecko) Chrome/63.0.3239.84 Safari/537.36"
[Fri, 19 Jan 2018 00:22:02 GMT] "[36mGET[39m [36m/scripts/controllers/transactionInfosController.js[39m" "Mozilla/5.0 (Macintosh; Intel Mac OS X 10_13_2) AppleWebKit/537.36 (KHTML, like Gecko) Chrome/63.0.3239.84 Safari/537.36"
[Fri, 19 Jan 2018 00:22:02 GMT] "[36mGET[39m [36m/scripts/controllers/addressInfoController.js[39m" "Mozilla/5.0 (Macintosh; Intel Mac OS X 10_13_2) AppleWebKit/537.36 (KHTML, like Gecko) Chrome/63.0.3239.84 Safari/537.36"
[Fri, 19 Jan 2018 00:22:02 GMT] "[36mGET[39m [36m/scripts/controllers/blockInfosController.js[39m" "Mozilla/5.0 (Macintosh; Intel Mac OS X 10_13_2) AppleWebKit/537.36 (KHTML, like Gecko) Chrome/63.0.3239.84 Safari/537.36"
[Fri, 19 Jan 2018 00:22:08 GMT] "[36mGET[39m [36m/views/blockInfos.html[39m" "Mozilla/5.0 (Macintosh; Intel Mac OS X 10_13_2) AppleWebKit/537.36 (KHTML, like Gecko) Chrome/63.0.3239.84 Safari/537.36"

> EthereumExplorer@0.1.0 prestart /home/ubuntu/explorer
> npm install


> EthereumExplorer@0.1.0 postinstall /home/ubuntu/explorer
> bower install

npm WARN optional Skipping failed optional dependency /chokidar/fsevents:
npm WARN notsup Not compatible with your operating system or architecture: fsevents@1.1.3

> EthereumExplorer@0.1.0 start /home/ubuntu/explorer
> http-server ./app -a 0.0.0.0 -p 8000 -c-1

[33mStarting up http-server, serving [39m[36m./app[39m[33m on port: [39m[36m8000[39m
Hit CTRL-C to stop the server
[Sat, 20 Jan 2018 03:17:25 GMT] "[36mGET[39m [36m/[39m" "Mozilla/5.0 (Macintosh; Intel Mac OS X 10_13_2) AppleWebKit/537.36 (KHTML, like Gecko) Chrome/63.0.3239.84 Safari/537.36"
[Sat, 20 Jan 2018 03:17:25 GMT] "[36mGET[39m [36m/styles/main.css[39m" "Mozilla/5.0 (Macintosh; Intel Mac OS X 10_13_2) AppleWebKit/537.36 (KHTML, like Gecko) Chrome/63.0.3239.84 Safari/537.36"
[Sat, 20 Jan 2018 03:17:25 GMT] "[36mGET[39m [36m/bower_components/web3/dist/web3.min.js[39m" "Mozilla/5.0 (Macintosh; Intel Mac OS X 10_13_2) AppleWebKit/537.36 (KHTML, like Gecko) Chrome/63.0.3239.84 Safari/537.36"
[Sat, 20 Jan 2018 03:17:25 GMT] "[36mGET[39m [36m/bower_components/angular-bootstrap/ui-bootstrap.min.js[39m" "Mozilla/5.0 (Macintosh; Intel Mac OS X 10_13_2) AppleWebKit/537.36 (KHTML, like Gecko) Chrome/63.0.3239.84 Safari/537.36"
[Sat, 20 Jan 2018 03:17:25 GMT] "[36mGET[39m [36m/bower_components/angular-route/angular-route.js[39m" "Mozilla/5.0 (Macintosh; Intel Mac OS X 10_13_2) AppleWebKit/537.36 (KHTML, like Gecko) Chrome/63.0.3239.84 Safari/537.36"
[Sat, 20 Jan 2018 03:17:25 GMT] "[36mGET[39m [36m/app.js[39m" "Mozilla/5.0 (Macintosh; Intel Mac OS X 10_13_2) AppleWebKit/537.36 (KHTML, like Gecko) Chrome/63.0.3239.84 Safari/537.36"
[Sat, 20 Jan 2018 03:17:25 GMT] "[36mGET[39m [36m/scripts/controllers/mainController.js[39m" "Mozilla/5.0 (Macintosh; Intel Mac OS X 10_13_2) AppleWebKit/537.36 (KHTML, like Gecko) Chrome/63.0.3239.84 Safari/537.36"
[Sat, 20 Jan 2018 03:17:25 GMT] "[36mGET[39m [36m/scripts/controllers/addressInfoController.js[39m" "Mozilla/5.0 (Macintosh; Intel Mac OS X 10_13_2) AppleWebKit/537.36 (KHTML, like Gecko) Chrome/63.0.3239.84 Safari/537.36"
[Sat, 20 Jan 2018 03:17:26 GMT] "[36mGET[39m [36m/scripts/controllers/blockInfosController.js[39m" "Mozilla/5.0 (Macintosh; Intel Mac OS X 10_13_2) AppleWebKit/537.36 (KHTML, like Gecko) Chrome/63.0.3239.84 Safari/537.36"
[Sat, 20 Jan 2018 03:17:26 GMT] "[36mGET[39m [36m/scripts/controllers/transactionInfosController.js[39m" "Mozilla/5.0 (Macintosh; Intel Mac OS X 10_13_2) AppleWebKit/537.36 (KHTML, like Gecko) Chrome/63.0.3239.84 Safari/537.36"
[Sat, 20 Jan 2018 03:17:28 GMT] "[36mGET[39m [36m/views/main.html[39m" "Mozilla/5.0 (Macintosh; Intel Mac OS X 10_13_2) AppleWebKit/537.36 (KHTML, like Gecko) Chrome/63.0.3239.84 Safari/537.36"
[Sat, 20 Jan 2018 03:18:29 GMT] "[36mGET[39m [36m/[39m" "Mozilla/5.0 (Macintosh; Intel Mac OS X 10_13_2) AppleWebKit/537.36 (KHTML, like Gecko) Chrome/63.0.3239.84 Safari/537.36"
[Sat, 20 Jan 2018 03:18:29 GMT] "[36mGET[39m [36m/styles/main.css[39m" "Mozilla/5.0 (Macintosh; Intel Mac OS X 10_13_2) AppleWebKit/537.36 (KHTML, like Gecko) Chrome/63.0.3239.84 Safari/537.36"
[Sat, 20 Jan 2018 03:18:29 GMT] "[36mGET[39m [36m/bower_components/web3/dist/web3.min.js[39m" "Mozilla/5.0 (Macintosh; Intel Mac OS X 10_13_2) AppleWebKit/537.36 (KHTML, like Gecko) Chrome/63.0.3239.84 Safari/537.36"
[Sat, 20 Jan 2018 03:18:29 GMT] "[36mGET[39m [36m/bower_components/angular-route/angular-route.js[39m" "Mozilla/5.0 (Macintosh; Intel Mac OS X 10_13_2) AppleWebKit/537.36 (KHTML, like Gecko) Chrome/63.0.3239.84 Safari/537.36"
[Sat, 20 Jan 2018 03:18:29 GMT] "[36mGET[39m [36m/app.js[39m" "Mozilla/5.0 (Macintosh; Intel Mac OS X 10_13_2) AppleWebKit/537.36 (KHTML, like Gecko) Chrome/63.0.3239.84 Safari/537.36"
[Sat, 20 Jan 2018 03:18:29 GMT] "[36mGET[39m [36m/bower_components/angular-bootstrap/ui-bootstrap.min.js[39m" "Mozilla/5.0 (Macintosh; Intel Mac OS X 10_13_2) AppleWebKit/537.36 (KHTML, like Gecko) Chrome/63.0.3239.84 Safari/537.36"
[Sat, 20 Jan 2018 03:18:29 GMT] "[36mGET[39m [36m/scripts/controllers/mainController.js[39m" "Mozilla/5.0 (Macintosh; Intel Mac OS X 10_13_2) AppleWebKit/537.36 (KHTML, like Gecko) Chrome/63.0.3239.84 Safari/537.36"
[Sat, 20 Jan 2018 03:18:29 GMT] "[36mGET[39m [36m/scripts/controllers/addressInfoController.js[39m" "Mozilla/5.0 (Macintosh; Intel Mac OS X 10_13_2) AppleWebKit/537.36 (KHTML, like Gecko) Chrome/63.0.3239.84 Safari/537.36"
[Sat, 20 Jan 2018 03:18:29 GMT] "[36mGET[39m [36m/scripts/controllers/transactionInfosController.js[39m" "Mozilla/5.0 (Macintosh; Intel Mac OS X 10_13_2) AppleWebKit/537.36 (KHTML, like Gecko) Chrome/63.0.3239.84 Safari/537.36"
[Sat, 20 Jan 2018 03:18:29 GMT] "[36mGET[39m [36m/scripts/controllers/blockInfosController.js[39m" "Mozilla/5.0 (Macintosh; Intel Mac OS X 10_13_2) AppleWebKit/537.36 (KHTML, like Gecko) Chrome/63.0.3239.84 Safari/537.36"
[Sat, 20 Jan 2018 03:18:31 GMT] "[36mGET[39m [36m/views/main.html[39m" "Mozilla/5.0 (Macintosh; Intel Mac OS X 10_13_2) AppleWebKit/537.36 (KHTML, like Gecko) Chrome/63.0.3239.84 Safari/537.36"

> EthereumExplorer@0.1.0 prestart /home/ubuntu/explorer
> npm install


> EthereumExplorer@0.1.0 postinstall /home/ubuntu/explorer
> bower install

npm WARN optional Skipping failed optional dependency /chokidar/fsevents:
npm WARN notsup Not compatible with your operating system or architecture: fsevents@1.1.3

> EthereumExplorer@0.1.0 start /home/ubuntu/explorer
> http-server ./app -a 0.0.0.0 -p 8000 -c-1

[33mStarting up http-server, serving [39m[36m./app[39m[33m on port: [39m[36m8000[39m
Hit CTRL-C to stop the server
[Sat, 20 Jan 2018 21:18:10 GMT] "[36mGET[39m [36m/[39m" "Mozilla/5.0 (Macintosh; Intel Mac OS X 10_13_2) AppleWebKit/537.36 (KHTML, like Gecko) Chrome/63.0.3239.84 Safari/537.36"
[Sat, 20 Jan 2018 21:18:10 GMT] "[36mGET[39m [36m/styles/main.css[39m" "Mozilla/5.0 (Macintosh; Intel Mac OS X 10_13_2) AppleWebKit/537.36 (KHTML, like Gecko) Chrome/63.0.3239.84 Safari/537.36"
[Sat, 20 Jan 2018 21:18:10 GMT] "[36mGET[39m [36m/bower_components/angular-bootstrap/ui-bootstrap.min.js[39m" "Mozilla/5.0 (Macintosh; Intel Mac OS X 10_13_2) AppleWebKit/537.36 (KHTML, like Gecko) Chrome/63.0.3239.84 Safari/537.36"
[Sat, 20 Jan 2018 21:18:10 GMT] "[36mGET[39m [36m/bower_components/web3/dist/web3.min.js[39m" "Mozilla/5.0 (Macintosh; Intel Mac OS X 10_13_2) AppleWebKit/537.36 (KHTML, like Gecko) Chrome/63.0.3239.84 Safari/537.36"
[Sat, 20 Jan 2018 21:18:10 GMT] "[36mGET[39m [36m/bower_components/angular-route/angular-route.js[39m" "Mozilla/5.0 (Macintosh; Intel Mac OS X 10_13_2) AppleWebKit/537.36 (KHTML, like Gecko) Chrome/63.0.3239.84 Safari/537.36"
[Sat, 20 Jan 2018 21:18:10 GMT] "[36mGET[39m [36m/scripts/controllers/mainController.js[39m" "Mozilla/5.0 (Macintosh; Intel Mac OS X 10_13_2) AppleWebKit/537.36 (KHTML, like Gecko) Chrome/63.0.3239.84 Safari/537.36"
[Sat, 20 Jan 2018 21:18:10 GMT] "[36mGET[39m [36m/app.js[39m" "Mozilla/5.0 (Macintosh; Intel Mac OS X 10_13_2) AppleWebKit/537.36 (KHTML, like Gecko) Chrome/63.0.3239.84 Safari/537.36"
[Sat, 20 Jan 2018 21:18:10 GMT] "[36mGET[39m [36m/scripts/controllers/blockInfosController.js[39m" "Mozilla/5.0 (Macintosh; Intel Mac OS X 10_13_2) AppleWebKit/537.36 (KHTML, like Gecko) Chrome/63.0.3239.84 Safari/537.36"
[Sat, 20 Jan 2018 21:18:10 GMT] "[36mGET[39m [36m/scripts/controllers/addressInfoController.js[39m" "Mozilla/5.0 (Macintosh; Intel Mac OS X 10_13_2) AppleWebKit/537.36 (KHTML, like Gecko) Chrome/63.0.3239.84 Safari/537.36"
[Sat, 20 Jan 2018 21:18:10 GMT] "[36mGET[39m [36m/scripts/controllers/transactionInfosController.js[39m" "Mozilla/5.0 (Macintosh; Intel Mac OS X 10_13_2) AppleWebKit/537.36 (KHTML, like Gecko) Chrome/63.0.3239.84 Safari/537.36"
[Sat, 20 Jan 2018 21:18:13 GMT] "[36mGET[39m [36m/views/main.html[39m" "Mozilla/5.0 (Macintosh; Intel Mac OS X 10_13_2) AppleWebKit/537.36 (KHTML, like Gecko) Chrome/63.0.3239.84 Safari/537.36"
[Sat, 20 Jan 2018 21:18:18 GMT] "[36mGET[39m [36m/views/blockInfos.html[39m" "Mozilla/5.0 (Macintosh; Intel Mac OS X 10_13_2) AppleWebKit/537.36 (KHTML, like Gecko) Chrome/63.0.3239.84 Safari/537.36"
[Sat, 20 Jan 2018 21:19:17 GMT] "[36mGET[39m [36m/[39m" "Mozilla/5.0 (Macintosh; Intel Mac OS X 10_13_2) AppleWebKit/537.36 (KHTML, like Gecko) Chrome/63.0.3239.84 Safari/537.36"
[Sat, 20 Jan 2018 21:19:17 GMT] "[36mGET[39m [36m/bower_components/angular-bootstrap/ui-bootstrap.min.js[39m" "Mozilla/5.0 (Macintosh; Intel Mac OS X 10_13_2) AppleWebKit/537.36 (KHTML, like Gecko) Chrome/63.0.3239.84 Safari/537.36"
[Sat, 20 Jan 2018 21:19:17 GMT] "[36mGET[39m [36m/app.js[39m" "Mozilla/5.0 (Macintosh; Intel Mac OS X 10_13_2) AppleWebKit/537.36 (KHTML, like Gecko) Chrome/63.0.3239.84 Safari/537.36"
[Sat, 20 Jan 2018 21:19:17 GMT] "[36mGET[39m [36m/bower_components/web3/dist/web3.min.js[39m" "Mozilla/5.0 (Macintosh; Intel Mac OS X 10_13_2) AppleWebKit/537.36 (KHTML, like Gecko) Chrome/63.0.3239.84 Safari/537.36"
[Sat, 20 Jan 2018 21:19:17 GMT] "[36mGET[39m [36m/bower_components/angular-route/angular-route.js[39m" "Mozilla/5.0 (Macintosh; Intel Mac OS X 10_13_2) AppleWebKit/537.36 (KHTML, like Gecko) Chrome/63.0.3239.84 Safari/537.36"
[Sat, 20 Jan 2018 21:19:17 GMT] "[36mGET[39m [36m/styles/main.css[39m" "Mozilla/5.0 (Macintosh; Intel Mac OS X 10_13_2) AppleWebKit/537.36 (KHTML, like Gecko) Chrome/63.0.3239.84 Safari/537.36"
[Sat, 20 Jan 2018 21:19:17 GMT] "[36mGET[39m [36m/scripts/controllers/mainController.js[39m" "Mozilla/5.0 (Macintosh; Intel Mac OS X 10_13_2) AppleWebKit/537.36 (KHTML, like Gecko) Chrome/63.0.3239.84 Safari/537.36"
[Sat, 20 Jan 2018 21:19:17 GMT] "[36mGET[39m [36m/scripts/controllers/blockInfosController.js[39m" "Mozilla/5.0 (Macintosh; Intel Mac OS X 10_13_2) AppleWebKit/537.36 (KHTML, like Gecko) Chrome/63.0.3239.84 Safari/537.36"
[Sat, 20 Jan 2018 21:19:17 GMT] "[36mGET[39m [36m/scripts/controllers/transactionInfosController.js[39m" "Mozilla/5.0 (Macintosh; Intel Mac OS X 10_13_2) AppleWebKit/537.36 (KHTML, like Gecko) Chrome/63.0.3239.84 Safari/537.36"
[Sat, 20 Jan 2018 21:19:17 GMT] "[36mGET[39m [36m/scripts/controllers/addressInfoController.js[39m" "Mozilla/5.0 (Macintosh; Intel Mac OS X 10_13_2) AppleWebKit/537.36 (KHTML, like Gecko) Chrome/63.0.3239.84 Safari/537.36"
[Sat, 20 Jan 2018 21:19:20 GMT] "[36mGET[39m [36m/views/blockInfos.html[39m" "Mozilla/5.0 (Macintosh; Intel Mac OS X 10_13_2) AppleWebKit/537.36 (KHTML, like Gecko) Chrome/63.0.3239.84 Safari/537.36"
[Sat, 20 Jan 2018 21:19:20 GMT] "[36mGET[39m [36m/views/main.html[39m" "Mozilla/5.0 (Macintosh; Intel Mac OS X 10_13_2) AppleWebKit/537.36 (KHTML, like Gecko) Chrome/63.0.3239.84 Safari/537.36"
[Sat, 20 Jan 2018 21:19:39 GMT] "[36mGET[39m [36m/views/addressInfo.html[39m" "Mozilla/5.0 (Macintosh; Intel Mac OS X 10_13_2) AppleWebKit/537.36 (KHTML, like Gecko) Chrome/63.0.3239.84 Safari/537.36"
[Sat, 20 Jan 2018 21:21:39 GMT] "[36mGET[39m [36m/[39m" "Mozilla/5.0 (Macintosh; Intel Mac OS X 10_13_2) AppleWebKit/537.36 (KHTML, like Gecko) Chrome/63.0.3239.84 Safari/537.36"
[Sat, 20 Jan 2018 21:21:39 GMT] "[36mGET[39m [36m/styles/main.css[39m" "Mozilla/5.0 (Macintosh; Intel Mac OS X 10_13_2) AppleWebKit/537.36 (KHTML, like Gecko) Chrome/63.0.3239.84 Safari/537.36"
[Sat, 20 Jan 2018 21:21:39 GMT] "[36mGET[39m [36m/bower_components/web3/dist/web3.min.js[39m" "Mozilla/5.0 (Macintosh; Intel Mac OS X 10_13_2) AppleWebKit/537.36 (KHTML, like Gecko) Chrome/63.0.3239.84 Safari/537.36"
[Sat, 20 Jan 2018 21:21:39 GMT] "[36mGET[39m [36m/bower_components/angular-bootstrap/ui-bootstrap.min.js[39m" "Mozilla/5.0 (Macintosh; Intel Mac OS X 10_13_2) AppleWebKit/537.36 (KHTML, like Gecko) Chrome/63.0.3239.84 Safari/537.36"
[Sat, 20 Jan 2018 21:21:39 GMT] "[36mGET[39m [36m/app.js[39m" "Mozilla/5.0 (Macintosh; Intel Mac OS X 10_13_2) AppleWebKit/537.36 (KHTML, like Gecko) Chrome/63.0.3239.84 Safari/537.36"
[Sat, 20 Jan 2018 21:21:39 GMT] "[36mGET[39m [36m/bower_components/angular-route/angular-route.js[39m" "Mozilla/5.0 (Macintosh; Intel Mac OS X 10_13_2) AppleWebKit/537.36 (KHTML, like Gecko) Chrome/63.0.3239.84 Safari/537.36"
[Sat, 20 Jan 2018 21:21:39 GMT] "[36mGET[39m [36m/scripts/controllers/mainController.js[39m" "Mozilla/5.0 (Macintosh; Intel Mac OS X 10_13_2) AppleWebKit/537.36 (KHTML, like Gecko) Chrome/63.0.3239.84 Safari/537.36"
[Sat, 20 Jan 2018 21:21:39 GMT] "[36mGET[39m [36m/scripts/controllers/addressInfoController.js[39m" "Mozilla/5.0 (Macintosh; Intel Mac OS X 10_13_2) AppleWebKit/537.36 (KHTML, like Gecko) Chrome/63.0.3239.84 Safari/537.36"
[Sat, 20 Jan 2018 21:21:39 GMT] "[36mGET[39m [36m/scripts/controllers/blockInfosController.js[39m" "Mozilla/5.0 (Macintosh; Intel Mac OS X 10_13_2) AppleWebKit/537.36 (KHTML, like Gecko) Chrome/63.0.3239.84 Safari/537.36"
[Sat, 20 Jan 2018 21:21:39 GMT] "[36mGET[39m [36m/scripts/controllers/transactionInfosController.js[39m" "Mozilla/5.0 (Macintosh; Intel Mac OS X 10_13_2) AppleWebKit/537.36 (KHTML, like Gecko) Chrome/63.0.3239.84 Safari/537.36"
[Sat, 20 Jan 2018 21:21:42 GMT] "[36mGET[39m [36m/views/main.html[39m" "Mozilla/5.0 (Macintosh; Intel Mac OS X 10_13_2) AppleWebKit/537.36 (KHTML, like Gecko) Chrome/63.0.3239.84 Safari/537.36"
[Sat, 20 Jan 2018 22:32:06 GMT] "[36mGET[39m [36m/[39m" "Mozilla/5.0 (Macintosh; Intel Mac OS X 10_13_2) AppleWebKit/537.36 (KHTML, like Gecko) Chrome/63.0.3239.84 Safari/537.36"
[Sat, 20 Jan 2018 22:32:06 GMT] "[36mGET[39m [36m/styles/main.css[39m" "Mozilla/5.0 (Macintosh; Intel Mac OS X 10_13_2) AppleWebKit/537.36 (KHTML, like Gecko) Chrome/63.0.3239.84 Safari/537.36"
[Sat, 20 Jan 2018 22:32:06 GMT] "[36mGET[39m [36m/app.js[39m" "Mozilla/5.0 (Macintosh; Intel Mac OS X 10_13_2) AppleWebKit/537.36 (KHTML, like Gecko) Chrome/63.0.3239.84 Safari/537.36"
[Sat, 20 Jan 2018 22:32:06 GMT] "[36mGET[39m [36m/bower_components/web3/dist/web3.min.js[39m" "Mozilla/5.0 (Macintosh; Intel Mac OS X 10_13_2) AppleWebKit/537.36 (KHTML, like Gecko) Chrome/63.0.3239.84 Safari/537.36"
[Sat, 20 Jan 2018 22:32:06 GMT] "[36mGET[39m [36m/bower_components/angular-bootstrap/ui-bootstrap.min.js[39m" "Mozilla/5.0 (Macintosh; Intel Mac OS X 10_13_2) AppleWebKit/537.36 (KHTML, like Gecko) Chrome/63.0.3239.84 Safari/537.36"
[Sat, 20 Jan 2018 22:32:06 GMT] "[36mGET[39m [36m/bower_components/angular-route/angular-route.js[39m" "Mozilla/5.0 (Macintosh; Intel Mac OS X 10_13_2) AppleWebKit/537.36 (KHTML, like Gecko) Chrome/63.0.3239.84 Safari/537.36"
[Sat, 20 Jan 2018 22:32:06 GMT] "[36mGET[39m [36m/scripts/controllers/mainController.js[39m" "Mozilla/5.0 (Macintosh; Intel Mac OS X 10_13_2) AppleWebKit/537.36 (KHTML, like Gecko) Chrome/63.0.3239.84 Safari/537.36"
[Sat, 20 Jan 2018 22:32:06 GMT] "[36mGET[39m [36m/scripts/controllers/addressInfoController.js[39m" "Mozilla/5.0 (Macintosh; Intel Mac OS X 10_13_2) AppleWebKit/537.36 (KHTML, like Gecko) Chrome/63.0.3239.84 Safari/537.36"
[Sat, 20 Jan 2018 22:32:06 GMT] "[36mGET[39m [36m/scripts/controllers/blockInfosController.js[39m" "Mozilla/5.0 (Macintosh; Intel Mac OS X 10_13_2) AppleWebKit/537.36 (KHTML, like Gecko) Chrome/63.0.3239.84 Safari/537.36"
[Sat, 20 Jan 2018 22:32:06 GMT] "[36mGET[39m [36m/scripts/controllers/transactionInfosController.js[39m" "Mozilla/5.0 (Macintosh; Intel Mac OS X 10_13_2) AppleWebKit/537.36 (KHTML, like Gecko) Chrome/63.0.3239.84 Safari/537.36"
[Sat, 20 Jan 2018 22:32:09 GMT] "[36mGET[39m [36m/views/main.html[39m" "Mozilla/5.0 (Macintosh; Intel Mac OS X 10_13_2) AppleWebKit/537.36 (KHTML, like Gecko) Chrome/63.0.3239.84 Safari/537.36"
[Sat, 20 Jan 2018 23:58:42 GMT] "[36mGET[39m [36m/[39m" "Mozilla/5.0 (Macintosh; Intel Mac OS X 10_13_2) AppleWebKit/537.36 (KHTML, like Gecko) Chrome/63.0.3239.84 Safari/537.36"
[Sat, 20 Jan 2018 23:58:42 GMT] "[36mGET[39m [36m/styles/main.css[39m" "Mozilla/5.0 (Macintosh; Intel Mac OS X 10_13_2) AppleWebKit/537.36 (KHTML, like Gecko) Chrome/63.0.3239.84 Safari/537.36"
[Sat, 20 Jan 2018 23:58:42 GMT] "[36mGET[39m [36m/bower_components/angular-bootstrap/ui-bootstrap.min.js[39m" "Mozilla/5.0 (Macintosh; Intel Mac OS X 10_13_2) AppleWebKit/537.36 (KHTML, like Gecko) Chrome/63.0.3239.84 Safari/537.36"
[Sat, 20 Jan 2018 23:58:42 GMT] "[36mGET[39m [36m/bower_components/web3/dist/web3.min.js[39m" "Mozilla/5.0 (Macintosh; Intel Mac OS X 10_13_2) AppleWebKit/537.36 (KHTML, like Gecko) Chrome/63.0.3239.84 Safari/537.36"
[Sat, 20 Jan 2018 23:58:42 GMT] "[36mGET[39m [36m/app.js[39m" "Mozilla/5.0 (Macintosh; Intel Mac OS X 10_13_2) AppleWebKit/537.36 (KHTML, like Gecko) Chrome/63.0.3239.84 Safari/537.36"
[Sat, 20 Jan 2018 23:58:42 GMT] "[36mGET[39m [36m/bower_components/angular-route/angular-route.js[39m" "Mozilla/5.0 (Macintosh; Intel Mac OS X 10_13_2) AppleWebKit/537.36 (KHTML, like Gecko) Chrome/63.0.3239.84 Safari/537.36"
[Sat, 20 Jan 2018 23:58:42 GMT] "[36mGET[39m [36m/scripts/controllers/mainController.js[39m" "Mozilla/5.0 (Macintosh; Intel Mac OS X 10_13_2) AppleWebKit/537.36 (KHTML, like Gecko) Chrome/63.0.3239.84 Safari/537.36"
[Sat, 20 Jan 2018 23:58:42 GMT] "[36mGET[39m [36m/scripts/controllers/addressInfoController.js[39m" "Mozilla/5.0 (Macintosh; Intel Mac OS X 10_13_2) AppleWebKit/537.36 (KHTML, like Gecko) Chrome/63.0.3239.84 Safari/537.36"
[Sat, 20 Jan 2018 23:58:42 GMT] "[36mGET[39m [36m/scripts/controllers/blockInfosController.js[39m" "Mozilla/5.0 (Macintosh; Intel Mac OS X 10_13_2) AppleWebKit/537.36 (KHTML, like Gecko) Chrome/63.0.3239.84 Safari/537.36"
[Sat, 20 Jan 2018 23:58:42 GMT] "[36mGET[39m [36m/scripts/controllers/transactionInfosController.js[39m" "Mozilla/5.0 (Macintosh; Intel Mac OS X 10_13_2) AppleWebKit/537.36 (KHTML, like Gecko) Chrome/63.0.3239.84 Safari/537.36"
[Sat, 20 Jan 2018 23:58:45 GMT] "[36mGET[39m [36m/views/main.html[39m" "Mozilla/5.0 (Macintosh; Intel Mac OS X 10_13_2) AppleWebKit/537.36 (KHTML, like Gecko) Chrome/63.0.3239.84 Safari/537.36"
[Sat, 20 Jan 2018 23:58:51 GMT] "[36mGET[39m [36m/[39m" "Mozilla/5.0 (Macintosh; Intel Mac OS X 10_13_2) AppleWebKit/537.36 (KHTML, like Gecko) Chrome/63.0.3239.84 Safari/537.36"
[Sat, 20 Jan 2018 23:58:51 GMT] "[36mGET[39m [36m/styles/main.css[39m" "Mozilla/5.0 (Macintosh; Intel Mac OS X 10_13_2) AppleWebKit/537.36 (KHTML, like Gecko) Chrome/63.0.3239.84 Safari/537.36"
[Sat, 20 Jan 2018 23:58:51 GMT] "[36mGET[39m [36m/bower_components/web3/dist/web3.min.js[39m" "Mozilla/5.0 (Macintosh; Intel Mac OS X 10_13_2) AppleWebKit/537.36 (KHTML, like Gecko) Chrome/63.0.3239.84 Safari/537.36"
[Sat, 20 Jan 2018 23:58:51 GMT] "[36mGET[39m [36m/app.js[39m" "Mozilla/5.0 (Macintosh; Intel Mac OS X 10_13_2) AppleWebKit/537.36 (KHTML, like Gecko) Chrome/63.0.3239.84 Safari/537.36"
[Sat, 20 Jan 2018 23:58:51 GMT] "[36mGET[39m [36m/bower_components/angular-route/angular-route.js[39m" "Mozilla/5.0 (Macintosh; Intel Mac OS X 10_13_2) AppleWebKit/537.36 (KHTML, like Gecko) Chrome/63.0.3239.84 Safari/537.36"
[Sat, 20 Jan 2018 23:58:51 GMT] "[36mGET[39m [36m/bower_components/angular-bootstrap/ui-bootstrap.min.js[39m" "Mozilla/5.0 (Macintosh; Intel Mac OS X 10_13_2) AppleWebKit/537.36 (KHTML, like Gecko) Chrome/63.0.3239.84 Safari/537.36"
[Sat, 20 Jan 2018 23:58:51 GMT] "[36mGET[39m [36m/scripts/controllers/mainController.js[39m" "Mozilla/5.0 (Macintosh; Intel Mac OS X 10_13_2) AppleWebKit/537.36 (KHTML, like Gecko) Chrome/63.0.3239.84 Safari/537.36"
[Sat, 20 Jan 2018 23:58:51 GMT] "[36mGET[39m [36m/scripts/controllers/addressInfoController.js[39m" "Mozilla/5.0 (Macintosh; Intel Mac OS X 10_13_2) AppleWebKit/537.36 (KHTML, like Gecko) Chrome/63.0.3239.84 Safari/537.36"
[Sat, 20 Jan 2018 23:58:51 GMT] "[36mGET[39m [36m/scripts/controllers/blockInfosController.js[39m" "Mozilla/5.0 (Macintosh; Intel Mac OS X 10_13_2) AppleWebKit/537.36 (KHTML, like Gecko) Chrome/63.0.3239.84 Safari/537.36"
[Sat, 20 Jan 2018 23:58:51 GMT] "[36mGET[39m [36m/scripts/controllers/transactionInfosController.js[39m" "Mozilla/5.0 (Macintosh; Intel Mac OS X 10_13_2) AppleWebKit/537.36 (KHTML, like Gecko) Chrome/63.0.3239.84 Safari/537.36"
[Sat, 20 Jan 2018 23:58:54 GMT] "[36mGET[39m [36m/views/main.html[39m" "Mozilla/5.0 (Macintosh; Intel Mac OS X 10_13_2) AppleWebKit/537.36 (KHTML, like Gecko) Chrome/63.0.3239.84 Safari/537.36"
[Sun, 21 Jan 2018 00:02:18 GMT] "[36mGET[39m [36m/[39m" "Mozilla/5.0 (Macintosh; Intel Mac OS X 10_13_2) AppleWebKit/537.36 (KHTML, like Gecko) Chrome/63.0.3239.84 Safari/537.36"
[Sun, 21 Jan 2018 00:02:18 GMT] "[36mGET[39m [36m/styles/main.css[39m" "Mozilla/5.0 (Macintosh; Intel Mac OS X 10_13_2) AppleWebKit/537.36 (KHTML, like Gecko) Chrome/63.0.3239.84 Safari/537.36"
[Sun, 21 Jan 2018 00:02:18 GMT] "[36mGET[39m [36m/bower_components/web3/dist/web3.min.js[39m" "Mozilla/5.0 (Macintosh; Intel Mac OS X 10_13_2) AppleWebKit/537.36 (KHTML, like Gecko) Chrome/63.0.3239.84 Safari/537.36"
[Sun, 21 Jan 2018 00:02:18 GMT] "[36mGET[39m [36m/app.js[39m" "Mozilla/5.0 (Macintosh; Intel Mac OS X 10_13_2) AppleWebKit/537.36 (KHTML, like Gecko) Chrome/63.0.3239.84 Safari/537.36"
[Sun, 21 Jan 2018 00:02:18 GMT] "[36mGET[39m [36m/bower_components/angular-bootstrap/ui-bootstrap.min.js[39m" "Mozilla/5.0 (Macintosh; Intel Mac OS X 10_13_2) AppleWebKit/537.36 (KHTML, like Gecko) Chrome/63.0.3239.84 Safari/537.36"
[Sun, 21 Jan 2018 00:02:18 GMT] "[36mGET[39m [36m/bower_components/angular-route/angular-route.js[39m" "Mozilla/5.0 (Macintosh; Intel Mac OS X 10_13_2) AppleWebKit/537.36 (KHTML, like Gecko) Chrome/63.0.3239.84 Safari/537.36"
[Sun, 21 Jan 2018 00:02:18 GMT] "[36mGET[39m [36m/scripts/controllers/mainController.js[39m" "Mozilla/5.0 (Macintosh; Intel Mac OS X 10_13_2) AppleWebKit/537.36 (KHTML, like Gecko) Chrome/63.0.3239.84 Safari/537.36"
[Sun, 21 Jan 2018 00:02:18 GMT] "[36mGET[39m [36m/scripts/controllers/addressInfoController.js[39m" "Mozilla/5.0 (Macintosh; Intel Mac OS X 10_13_2) AppleWebKit/537.36 (KHTML, like Gecko) Chrome/63.0.3239.84 Safari/537.36"
[Sun, 21 Jan 2018 00:02:18 GMT] "[36mGET[39m [36m/scripts/controllers/blockInfosController.js[39m" "Mozilla/5.0 (Macintosh; Intel Mac OS X 10_13_2) AppleWebKit/537.36 (KHTML, like Gecko) Chrome/63.0.3239.84 Safari/537.36"
[Sun, 21 Jan 2018 00:02:18 GMT] "[36mGET[39m [36m/scripts/controllers/transactionInfosController.js[39m" "Mozilla/5.0 (Macintosh; Intel Mac OS X 10_13_2) AppleWebKit/537.36 (KHTML, like Gecko) Chrome/63.0.3239.84 Safari/537.36"
[Sun, 21 Jan 2018 00:02:21 GMT] "[36mGET[39m [36m/views/main.html[39m" "Mozilla/5.0 (Macintosh; Intel Mac OS X 10_13_2) AppleWebKit/537.36 (KHTML, like Gecko) Chrome/63.0.3239.84 Safari/537.36"
[Sun, 21 Jan 2018 00:02:55 GMT] "[36mGET[39m [36m/[39m" "Mozilla/5.0 (Macintosh; Intel Mac OS X 10_13_2) AppleWebKit/537.36 (KHTML, like Gecko) Chrome/63.0.3239.84 Safari/537.36"
[Sun, 21 Jan 2018 00:02:55 GMT] "[36mGET[39m [36m/styles/main.css[39m" "Mozilla/5.0 (Macintosh; Intel Mac OS X 10_13_2) AppleWebKit/537.36 (KHTML, like Gecko) Chrome/63.0.3239.84 Safari/537.36"
[Sun, 21 Jan 2018 00:02:55 GMT] "[36mGET[39m [36m/bower_components/web3/dist/web3.min.js[39m" "Mozilla/5.0 (Macintosh; Intel Mac OS X 10_13_2) AppleWebKit/537.36 (KHTML, like Gecko) Chrome/63.0.3239.84 Safari/537.36"
[Sun, 21 Jan 2018 00:02:55 GMT] "[36mGET[39m [36m/bower_components/angular-route/angular-route.js[39m" "Mozilla/5.0 (Macintosh; Intel Mac OS X 10_13_2) AppleWebKit/537.36 (KHTML, like Gecko) Chrome/63.0.3239.84 Safari/537.36"
[Sun, 21 Jan 2018 00:02:55 GMT] "[36mGET[39m [36m/app.js[39m" "Mozilla/5.0 (Macintosh; Intel Mac OS X 10_13_2) AppleWebKit/537.36 (KHTML, like Gecko) Chrome/63.0.3239.84 Safari/537.36"
[Sun, 21 Jan 2018 00:02:55 GMT] "[36mGET[39m [36m/bower_components/angular-bootstrap/ui-bootstrap.min.js[39m" "Mozilla/5.0 (Macintosh; Intel Mac OS X 10_13_2) AppleWebKit/537.36 (KHTML, like Gecko) Chrome/63.0.3239.84 Safari/537.36"
[Sun, 21 Jan 2018 00:02:55 GMT] "[36mGET[39m [36m/scripts/controllers/mainController.js[39m" "Mozilla/5.0 (Macintosh; Intel Mac OS X 10_13_2) AppleWebKit/537.36 (KHTML, like Gecko) Chrome/63.0.3239.84 Safari/537.36"
[Sun, 21 Jan 2018 00:02:55 GMT] "[36mGET[39m [36m/scripts/controllers/addressInfoController.js[39m" "Mozilla/5.0 (Macintosh; Intel Mac OS X 10_13_2) AppleWebKit/537.36 (KHTML, like Gecko) Chrome/63.0.3239.84 Safari/537.36"
[Sun, 21 Jan 2018 00:02:55 GMT] "[36mGET[39m [36m/scripts/controllers/blockInfosController.js[39m" "Mozilla/5.0 (Macintosh; Intel Mac OS X 10_13_2) AppleWebKit/537.36 (KHTML, like Gecko) Chrome/63.0.3239.84 Safari/537.36"
[Sun, 21 Jan 2018 00:02:55 GMT] "[36mGET[39m [36m/scripts/controllers/transactionInfosController.js[39m" "Mozilla/5.0 (Macintosh; Intel Mac OS X 10_13_2) AppleWebKit/537.36 (KHTML, like Gecko) Chrome/63.0.3239.84 Safari/537.36"
[Sun, 21 Jan 2018 00:02:58 GMT] "[36mGET[39m [36m/views/main.html[39m" "Mozilla/5.0 (Macintosh; Intel Mac OS X 10_13_2) AppleWebKit/537.36 (KHTML, like Gecko) Chrome/63.0.3239.84 Safari/537.36"
[Sun, 21 Jan 2018 00:03:19 GMT] "[36mGET[39m [36m/views/blockInfos.html[39m" "Mozilla/5.0 (Macintosh; Intel Mac OS X 10_13_2) AppleWebKit/537.36 (KHTML, like Gecko) Chrome/63.0.3239.84 Safari/537.36"
[Sun, 21 Jan 2018 00:03:41 GMT] "[36mGET[39m [36m/styles/main.css[39m" "Mozilla/5.0 (Macintosh; Intel Mac OS X 10_13_2) AppleWebKit/537.36 (KHTML, like Gecko) Chrome/63.0.3239.84 Safari/537.36"
[Sun, 21 Jan 2018 00:10:37 GMT] "[36mGET[39m [36m/[39m" "Mozilla/5.0 (Macintosh; Intel Mac OS X 10_13_2) AppleWebKit/537.36 (KHTML, like Gecko) Chrome/63.0.3239.84 Safari/537.36"
[Sun, 21 Jan 2018 00:10:37 GMT] "[36mGET[39m [36m/styles/main.css[39m" "Mozilla/5.0 (Macintosh; Intel Mac OS X 10_13_2) AppleWebKit/537.36 (KHTML, like Gecko) Chrome/63.0.3239.84 Safari/537.36"
[Sun, 21 Jan 2018 00:10:37 GMT] "[36mGET[39m [36m/bower_components/web3/dist/web3.min.js[39m" "Mozilla/5.0 (Macintosh; Intel Mac OS X 10_13_2) AppleWebKit/537.36 (KHTML, like Gecko) Chrome/63.0.3239.84 Safari/537.36"
[Sun, 21 Jan 2018 00:10:37 GMT] "[36mGET[39m [36m/bower_components/angular-bootstrap/ui-bootstrap.min.js[39m" "Mozilla/5.0 (Macintosh; Intel Mac OS X 10_13_2) AppleWebKit/537.36 (KHTML, like Gecko) Chrome/63.0.3239.84 Safari/537.36"
[Sun, 21 Jan 2018 00:10:37 GMT] "[36mGET[39m [36m/bower_components/angular-route/angular-route.js[39m" "Mozilla/5.0 (Macintosh; Intel Mac OS X 10_13_2) AppleWebKit/537.36 (KHTML, like Gecko) Chrome/63.0.3239.84 Safari/537.36"
[Sun, 21 Jan 2018 00:10:37 GMT] "[36mGET[39m [36m/app.js[39m" "Mozilla/5.0 (Macintosh; Intel Mac OS X 10_13_2) AppleWebKit/537.36 (KHTML, like Gecko) Chrome/63.0.3239.84 Safari/537.36"
[Sun, 21 Jan 2018 00:10:37 GMT] "[36mGET[39m [36m/scripts/controllers/mainController.js[39m" "Mozilla/5.0 (Macintosh; Intel Mac OS X 10_13_2) AppleWebKit/537.36 (KHTML, like Gecko) Chrome/63.0.3239.84 Safari/537.36"
[Sun, 21 Jan 2018 00:10:37 GMT] "[36mGET[39m [36m/scripts/controllers/addressInfoController.js[39m" "Mozilla/5.0 (Macintosh; Intel Mac OS X 10_13_2) AppleWebKit/537.36 (KHTML, like Gecko) Chrome/63.0.3239.84 Safari/537.36"
[Sun, 21 Jan 2018 00:10:37 GMT] "[36mGET[39m [36m/scripts/controllers/blockInfosController.js[39m" "Mozilla/5.0 (Macintosh; Intel Mac OS X 10_13_2) AppleWebKit/537.36 (KHTML, like Gecko) Chrome/63.0.3239.84 Safari/537.36"
[Sun, 21 Jan 2018 00:10:37 GMT] "[36mGET[39m [36m/scripts/controllers/transactionInfosController.js[39m" "Mozilla/5.0 (Macintosh; Intel Mac OS X 10_13_2) AppleWebKit/537.36 (KHTML, like Gecko) Chrome/63.0.3239.84 Safari/537.36"
[Sun, 21 Jan 2018 00:10:40 GMT] "[36mGET[39m [36m/views/main.html[39m" "Mozilla/5.0 (Macintosh; Intel Mac OS X 10_13_2) AppleWebKit/537.36 (KHTML, like Gecko) Chrome/63.0.3239.84 Safari/537.36"
